<?xml version="1.0" encoding="UTF-8"?>
<testng-results skipped="0" failed="0" ignored="0" total="1" passed="1">
  <reporter-output>
  </reporter-output>
  <suite name="Suite" duration-ms="2720" started-at="2022-02-12T09:05:04 IST" finished-at="2022-02-12T09:05:06 IST">
    <groups>
    </groups>
    <test name="Test" duration-ms="2720" started-at="2022-02-12T09:05:04 IST" finished-at="2022-02-12T09:05:06 IST">
      <class name="Testcases.LoginPageTC">
        <test-method status="PASS" signature="InitialSetup()[pri:0, instance:Testcases.LoginPageTC@44c8afef]" name="InitialSetup" is-config="true" duration-ms="4717" started-at="2022-02-12T09:04:59 IST" finished-at="2022-02-12T09:05:04 IST">
          <reporter-output>
          </reporter-output>
        </test-method> <!-- InitialSetup -->
        <test-method status="PASS" signature="LoginToBankapp()[pri:0, instance:Testcases.LoginPageTC@44c8afef]" name="LoginToBankapp" duration-ms="2698" started-at="2022-02-12T09:05:04 IST" finished-at="2022-02-12T09:05:06 IST">
          <reporter-output>
          </reporter-output>
        </test-method> <!-- LoginToBankapp -->
        <test-method status="PASS" signature="QuitBrowser()[pri:0, instance:Testcases.LoginPageTC@44c8afef]" name="QuitBrowser" is-config="true" duration-ms="97" started-at="2022-02-12T09:05:11 IST" finished-at="2022-02-12T09:05:11 IST">
          <reporter-output>
          </reporter-output>
        </test-method> <!-- QuitBrowser -->
      </class> <!-- Testcases.LoginPageTC -->
    </test> <!-- Test -->
  </suite> <!-- Suite -->
</testng-results>
